<?xml version="1.0" encoding="UTF-8"?>
<!-- Generated by org.testng.reporters.JUnitXMLReporter -->
<testsuite hostname="DESKTOP-03CSD6F" ignored="0" name="Test" tests="4" failures="0" timestamp="2020-06-02T10:30:03 CDT" time="0.055" errors="0">
  <testcase name="deleteTwitter" time="0.005" classname="Mavenrahulsheetydemo.Mavenjava.ApiTest"/>
  <testcase name="postJira" time="0.001" classname="Mavenrahulsheetydemo.Mavenjava.ApiTest"/>
  <testcase name="BrowserAutomation" time="0.001" classname="Mavenrahulsheetydemo.Mavenjava.SeleniumTest"/>
  <testcase name="elementsUI" time="0.001" classname="Mavenrahulsheetydemo.Mavenjava.SeleniumTest"/>
</testsuite> <!-- Test -->
